{"uuid":"811cb320-81fd-491b-8dd4-9608cd4c5fd0","historyId":"fe2f1303d25e515d491b0aa68edcd824","testCaseId":"7bd4f7b8a32d73a9fa607170614039fd","fullName":"src/main/java/feature/search.feature:3","labels":[{"name":"host","value":"Ahmads-Laptop"},{"name":"thread","value":"15028@Ahmads-Laptop.main(1)"},{"name":"feature","value":"Facebook Search Functionality"},{"name":"story","value":"Search with a valid term after logging in"},{"name":"suite","value":"Facebook Search Functionality"},{"name":"testClass","value":"Search with a valid term after logging in"},{"name":"framework","value":"cucumber4jvm"},{"name":"language","value":"java"},{"name":"gherkin_uri","value":"file:///C:/Users/4A/Downloads/abbbc/src/main/java/feature/search.feature"},{"name":"package","value":"src.main.java.feature.search_feature.Facebook Search Functionality"}],"links":[],"name":"Search with a valid term after logging in","status":"broken","statusDetails":{"known":false,"muted":false,"flaky":false,"message":"Expected condition failed: waiting for visibility of element located by By.xpath: //div[contains(text(),'Search Results for')] (tried for 10 second(s) with 500 milliseconds interval)\nBuild info: version: '4.25.0', revision: '030fcf7918'\nSystem info: os.name: 'Windows 10', os.arch: 'amd64', os.version: '10.0', java.version: '22.0.2'\nDriver info: org.openqa.selenium.chrome.ChromeDriver\nCapabilities {acceptInsecureCerts: false, browserName: chrome, browserVersion: 129.0.6668.101, chrome: {chromedriverVersion: 129.0.6668.100 (cf58cba358d..., userDataDir: C:\\Users\\4A\\AppData\\Local\\T...}, fedcm:accounts: true, goog:chromeOptions: {debuggerAddress: localhost:53890}, networkConnectionEnabled: false, pageLoadStrategy: normal, platformName: windows, proxy: Proxy(), se:cdp: ws://localhost:53890/devtoo..., se:cdpVersion: 129.0.6668.101, setWindowRect: true, strictFileInteractability: false, timeouts: {implicit: 0, pageLoad: 300000, script: 30000}, unhandledPromptBehavior: dismiss and notify, webauthn:extension:credBlob: true, webauthn:extension:largeBlob: true, webauthn:extension:minPinLength: true, webauthn:extension:prf: true, webauthn:virtualAuthenticators: true}\nSession ID: f06be4ac91733446fe81fcf30ae8bd9a","trace":"org.openqa.selenium.TimeoutException: Expected condition failed: waiting for visibility of element located by By.xpath: //div[contains(text(),'Search Results for')] (tried for 10 second(s) with 500 milliseconds interval)\nBuild info: version: '4.25.0', revision: '030fcf7918'\nSystem info: os.name: 'Windows 10', os.arch: 'amd64', os.version: '10.0', java.version: '22.0.2'\nDriver info: org.openqa.selenium.chrome.ChromeDriver\nCapabilities {acceptInsecureCerts: false, browserName: chrome, browserVersion: 129.0.6668.101, chrome: {chromedriverVersion: 129.0.6668.100 (cf58cba358d..., userDataDir: C:\\Users\\4A\\AppData\\Local\\T...}, fedcm:accounts: true, goog:chromeOptions: {debuggerAddress: localhost:53890}, networkConnectionEnabled: false, pageLoadStrategy: normal, platformName: windows, proxy: Proxy(), se:cdp: ws://localhost:53890/devtoo..., se:cdpVersion: 129.0.6668.101, setWindowRect: true, strictFileInteractability: false, timeouts: {implicit: 0, pageLoad: 300000, script: 30000}, unhandledPromptBehavior: dismiss and notify, webauthn:extension:credBlob: true, webauthn:extension:largeBlob: true, webauthn:extension:minPinLength: true, webauthn:extension:prf: true, webauthn:virtualAuthenticators: true}\nSession ID: f06be4ac91733446fe81fcf30ae8bd9a\r\n\tat org.openqa.selenium.support.ui.WebDriverWait.timeoutException(WebDriverWait.java:84)\r\n\tat org.openqa.selenium.support.ui.FluentWait.until(FluentWait.java:228)\r\n\tat stepDefination.FacebookSearchSteps.i_should_see_search_results_related_to_the_term(FacebookSearchSteps.java:64)\r\n\tat ✽.I should see search results related to the term(file:///C:/Users/4A/Downloads/abbbc/src/main/java/feature/search.feature:7)\r\n"},"stage":"finished","steps":[{"name":"Given I log into Facebook for search","status":"passed","statusDetails":{"known":false,"muted":false,"flaky":false},"stage":"finished","steps":[],"attachments":[],"parameters":[],"start":1729244299812,"stop":1729244312567},{"name":"When I enter a valid search term in the search bar","status":"passed","statusDetails":{"known":false,"muted":false,"flaky":false},"stage":"finished","steps":[],"attachments":[],"parameters":[],"start":1729244312573,"stop":1729244313193},{"name":"Then I should see search results related to the term","status":"broken","statusDetails":{"known":false,"muted":false,"flaky":false,"message":"Expected condition failed: waiting for visibility of element located by By.xpath: //div[contains(text(),'Search Results for')] (tried for 10 second(s) with 500 milliseconds interval)\nBuild info: version: '4.25.0', revision: '030fcf7918'\nSystem info: os.name: 'Windows 10', os.arch: 'amd64', os.version: '10.0', java.version: '22.0.2'\nDriver info: org.openqa.selenium.chrome.ChromeDriver\nCapabilities {acceptInsecureCerts: false, browserName: chrome, browserVersion: 129.0.6668.101, chrome: {chromedriverVersion: 129.0.6668.100 (cf58cba358d..., userDataDir: C:\\Users\\4A\\AppData\\Local\\T...}, fedcm:accounts: true, goog:chromeOptions: {debuggerAddress: localhost:53890}, networkConnectionEnabled: false, pageLoadStrategy: normal, platformName: windows, proxy: Proxy(), se:cdp: ws://localhost:53890/devtoo..., se:cdpVersion: 129.0.6668.101, setWindowRect: true, strictFileInteractability: false, timeouts: {implicit: 0, pageLoad: 300000, script: 30000}, unhandledPromptBehavior: dismiss and notify, webauthn:extension:credBlob: true, webauthn:extension:largeBlob: true, webauthn:extension:minPinLength: true, webauthn:extension:prf: true, webauthn:virtualAuthenticators: true}\nSession ID: f06be4ac91733446fe81fcf30ae8bd9a","trace":"org.openqa.selenium.TimeoutException: Expected condition failed: waiting for visibility of element located by By.xpath: //div[contains(text(),'Search Results for')] (tried for 10 second(s) with 500 milliseconds interval)\nBuild info: version: '4.25.0', revision: '030fcf7918'\nSystem info: os.name: 'Windows 10', os.arch: 'amd64', os.version: '10.0', java.version: '22.0.2'\nDriver info: org.openqa.selenium.chrome.ChromeDriver\nCapabilities {acceptInsecureCerts: false, browserName: chrome, browserVersion: 129.0.6668.101, chrome: {chromedriverVersion: 129.0.6668.100 (cf58cba358d..., userDataDir: C:\\Users\\4A\\AppData\\Local\\T...}, fedcm:accounts: true, goog:chromeOptions: {debuggerAddress: localhost:53890}, networkConnectionEnabled: false, pageLoadStrategy: normal, platformName: windows, proxy: Proxy(), se:cdp: ws://localhost:53890/devtoo..., se:cdpVersion: 129.0.6668.101, setWindowRect: true, strictFileInteractability: false, timeouts: {implicit: 0, pageLoad: 300000, script: 30000}, unhandledPromptBehavior: dismiss and notify, webauthn:extension:credBlob: true, webauthn:extension:largeBlob: true, webauthn:extension:minPinLength: true, webauthn:extension:prf: true, webauthn:virtualAuthenticators: true}\nSession ID: f06be4ac91733446fe81fcf30ae8bd9a\r\n\tat org.openqa.selenium.support.ui.WebDriverWait.timeoutException(WebDriverWait.java:84)\r\n\tat org.openqa.selenium.support.ui.FluentWait.until(FluentWait.java:228)\r\n\tat stepDefination.FacebookSearchSteps.i_should_see_search_results_related_to_the_term(FacebookSearchSteps.java:64)\r\n\tat ✽.I should see search results related to the term(file:///C:/Users/4A/Downloads/abbbc/src/main/java/feature/search.feature:7)\r\n"},"stage":"finished","steps":[],"attachments":[],"parameters":[],"start":1729244313193,"stop":1729244323623}],"attachments":[],"parameters":[],"start":1729244299809,"stop":1729244323654}